2025-08-25 20:18:40.515 [info] Reading sessions from keychain...
2025-08-25 20:18:40.515 [info] Getting sessions for all scopes...
2025-08-25 20:18:40.515 [info] Got 0 sessions for ...
2025-08-25 20:18:40.515 [info] Getting sessions for all scopes...
2025-08-25 20:18:40.515 [info] Got 0 sessions for ...
2025-08-25 20:18:40.515 [info] Getting sessions for all scopes...
2025-08-25 20:18:40.515 [info] Got 0 sessions for ...
2025-08-25 20:18:40.515 [info] Getting sessions for all scopes...
2025-08-25 20:18:40.515 [info] Got 0 sessions for ...
2025-08-25 20:18:40.515 [info] Getting sessions for all scopes...
2025-08-25 20:18:40.515 [info] Got 0 sessions for ...
2025-08-25 20:18:40.515 [info] Getting sessions for all scopes...
2025-08-25 20:18:40.515 [info] Got 0 sessions for ...
2025-08-25 20:18:40.515 [info] Getting sessions for all scopes...
2025-08-25 20:18:40.515 [info] Got 0 sessions for ...
2025-08-25 20:18:40.516 [info] Getting sessions for read:user,repo,user:email,workflow...
2025-08-25 20:18:40.516 [info] Got 0 sessions for read:user,repo,user:email,workflow...
2025-08-25 20:18:40.516 [info] Getting sessions for user:email...
2025-08-25 20:18:40.516 [info] Got 0 sessions for user:email...
2025-08-25 20:18:40.516 [info] Getting sessions for read:user,repo,user:email,workflow...
2025-08-25 20:18:40.516 [info] Got 0 sessions for read:user,repo,user:email,workflow...
2025-08-25 20:18:40.517 [info] Getting sessions for read:user...
2025-08-25 20:18:40.517 [info] Got 0 sessions for read:user...
2025-08-25 20:18:40.517 [info] Getting sessions for all scopes...
2025-08-25 20:18:40.517 [info] Got 0 sessions for ...
2025-08-25 20:18:40.517 [info] Getting sessions for all scopes...
2025-08-25 20:18:40.517 [info] Got 0 sessions for ...
2025-08-25 20:18:40.517 [info] Getting sessions for user:email...
2025-08-25 20:18:40.517 [info] Got 0 sessions for user:email...
2025-08-25 20:18:40.519 [info] Getting sessions for user:email...
2025-08-25 20:18:40.519 [info] Got 0 sessions for user:email...
2025-08-25 20:18:40.583 [info] Getting sessions for all scopes...
2025-08-25 20:18:40.583 [info] Got 0 sessions for ...
2025-08-25 20:18:40.584 [info] Getting sessions for user:email...
2025-08-25 20:18:40.584 [info] Got 0 sessions for user:email...
2025-08-25 20:18:40.585 [info] Getting sessions for all scopes...
2025-08-25 20:18:40.585 [info] Got 0 sessions for ...
2025-08-25 20:18:40.586 [info] Getting sessions for user:email...
2025-08-25 20:18:40.586 [info] Got 0 sessions for user:email...
2025-08-25 20:18:40.586 [info] Getting sessions for all scopes...
2025-08-25 20:18:40.586 [info] Got 0 sessions for ...
2025-08-25 20:18:40.587 [info] Getting sessions for user:email...
2025-08-25 20:18:40.587 [info] Got 0 sessions for user:email...
