2025-08-25 20:17:32.386 [info] Reading sessions from keychain...
2025-08-25 20:17:32.386 [info] Getting sessions for all scopes...
2025-08-25 20:17:32.386 [info] Got 0 sessions for ...
2025-08-25 20:17:32.386 [info] Getting sessions for all scopes...
2025-08-25 20:17:32.386 [info] Got 0 sessions for ...
2025-08-25 20:17:32.386 [info] Getting sessions for all scopes...
2025-08-25 20:17:32.386 [info] Got 0 sessions for ...
2025-08-25 20:17:32.386 [info] Getting sessions for all scopes...
2025-08-25 20:17:32.386 [info] Got 0 sessions for ...
2025-08-25 20:17:32.386 [info] Getting sessions for all scopes...
2025-08-25 20:17:32.386 [info] Got 0 sessions for ...
2025-08-25 20:17:32.386 [info] Getting sessions for all scopes...
2025-08-25 20:17:32.386 [info] Got 0 sessions for ...
2025-08-25 20:17:32.386 [info] Getting sessions for all scopes...
2025-08-25 20:17:32.386 [info] Got 0 sessions for ...
2025-08-25 20:17:32.386 [info] Getting sessions for read:user,repo,user:email,workflow...
2025-08-25 20:17:32.386 [info] Got 0 sessions for read:user,repo,user:email,workflow...
2025-08-25 20:17:32.386 [info] Getting sessions for user:email...
2025-08-25 20:17:32.386 [info] Got 0 sessions for user:email...
2025-08-25 20:17:32.386 [info] Getting sessions for read:user,repo,user:email,workflow...
2025-08-25 20:17:32.386 [info] Got 0 sessions for read:user,repo,user:email,workflow...
2025-08-25 20:17:32.387 [info] Getting sessions for read:user...
2025-08-25 20:17:32.387 [info] Got 0 sessions for read:user...
2025-08-25 20:17:32.387 [info] Getting sessions for all scopes...
2025-08-25 20:17:32.387 [info] Got 0 sessions for ...
2025-08-25 20:17:32.387 [info] Getting sessions for all scopes...
2025-08-25 20:17:32.387 [info] Got 0 sessions for ...
2025-08-25 20:17:32.387 [info] Getting sessions for user:email...
2025-08-25 20:17:32.387 [info] Got 0 sessions for user:email...
2025-08-25 20:17:32.390 [info] Getting sessions for user:email...
2025-08-25 20:17:32.390 [info] Got 0 sessions for user:email...
2025-08-25 20:17:32.458 [info] Getting sessions for all scopes...
2025-08-25 20:17:32.458 [info] Got 0 sessions for ...
2025-08-25 20:17:32.459 [info] Getting sessions for user:email...
2025-08-25 20:17:32.459 [info] Got 0 sessions for user:email...
2025-08-25 20:17:32.461 [info] Getting sessions for all scopes...
2025-08-25 20:17:32.461 [info] Got 0 sessions for ...
2025-08-25 20:17:32.461 [info] Getting sessions for user:email...
2025-08-25 20:17:32.461 [info] Got 0 sessions for user:email...
2025-08-25 20:17:32.461 [info] Getting sessions for all scopes...
2025-08-25 20:17:32.461 [info] Got 0 sessions for ...
2025-08-25 20:17:32.462 [info] Getting sessions for user:email...
2025-08-25 20:17:32.462 [info] Got 0 sessions for user:email...
